<?xml version="1.0" encoding="UTF-8"?>
<coverage generated="1651841592133" clover="3.2.0">
  <project timestamp="1651841592133" name="All files">
    <metrics statements="23" coveredstatements="18" conditionals="0" coveredconditionals="0" methods="9" coveredmethods="7" elements="32" coveredelements="25" complexity="0" loc="23" ncloc="23" packages="1" files="3" classes="3"/>
    <file name="add.module.js" path="/home/assia/Desktop/three/list-structure/src/modules/add.module.js">
      <metrics statements="5" coveredstatements="5" conditionals="0" coveredconditionals="0" methods="1" coveredmethods="1"/>
      <line num="6" count="7" type="stmt"/>
      <line num="7" count="7" type="stmt"/>
      <line num="8" count="7" type="stmt"/>
      <line num="13" count="7" type="stmt"/>
      <line num="14" count="7" type="stmt"/>
    </file>
    <file name="remove.module.js" path="/home/assia/Desktop/three/list-structure/src/modules/remove.module.js">
      <metrics statements="8" coveredstatements="8" conditionals="0" coveredconditionals="0" methods="4" coveredmethods="4"/>
      <line num="5" count="1" type="stmt"/>
      <line num="6" count="1" type="stmt"/>
      <line num="7" count="2" type="stmt"/>
      <line num="8" count="1" type="stmt"/>
      <line num="10" count="1" type="stmt"/>
      <line num="11" count="2" type="stmt"/>
      <line num="12" count="2" type="stmt"/>
      <line num="14" count="1" type="stmt"/>
    </file>
    <file name="update.module.js" path="/home/assia/Desktop/three/list-structure/src/modules/update.module.js">
      <metrics statements="10" coveredstatements="5" conditionals="0" coveredconditionals="0" methods="4" coveredmethods="2"/>
      <line num="5" count="1" type="stmt"/>
      <line num="6" count="1" type="stmt"/>
      <line num="7" count="1" type="stmt"/>
      <line num="8" count="1" type="stmt"/>
      <line num="9" count="1" type="stmt"/>
      <line num="13" count="0" type="stmt"/>
      <line num="14" count="0" type="stmt"/>
      <line num="15" count="0" type="stmt"/>
      <line num="16" count="0" type="stmt"/>
      <line num="17" count="0" type="stmt"/>
    </file>
  </project>
</coverage>
