<?xml version="1.0" encoding="UTF-8"?>
<coverage generated="1651842567416" clover="3.2.0">
  <project timestamp="1651842567417" name="All files">
    <metrics statements="23" coveredstatements="23" conditionals="0" coveredconditionals="0" methods="9" coveredmethods="9" elements="32" coveredelements="32" complexity="0" loc="23" ncloc="23" packages="1" files="4" classes="4"/>
    <file name="add.module.js" path="C:\Users\HP\OneDrive\Desktop\Microverse\Module 2\Week 3\list-structure\src\modules\add.module.js">
      <metrics statements="5" coveredstatements="5" conditionals="0" coveredconditionals="0" methods="1" coveredmethods="1"/>
      <line num="6" count="8" type="stmt"/>
      <line num="7" count="8" type="stmt"/>
      <line num="8" count="8" type="stmt"/>
      <line num="13" count="8" type="stmt"/>
      <line num="14" count="8" type="stmt"/>
    </file>
    <file name="completed.module.js" path="C:\Users\HP\OneDrive\Desktop\Microverse\Module 2\Week 3\list-structure\src\modules\completed.module.js">
      <metrics statements="5" coveredstatements="5" conditionals="0" coveredconditionals="0" methods="2" coveredmethods="2"/>
      <line num="5" count="1" type="stmt"/>
      <line num="6" count="1" type="stmt"/>
      <line num="7" count="1" type="stmt"/>
      <line num="8" count="1" type="stmt"/>
      <line num="9" count="1" type="stmt"/>
    </file>
    <file name="remove.module.js" path="C:\Users\HP\OneDrive\Desktop\Microverse\Module 2\Week 3\list-structure\src\modules\remove.module.js">
      <metrics statements="8" coveredstatements="8" conditionals="0" coveredconditionals="0" methods="4" coveredmethods="4"/>
      <line num="5" count="1" type="stmt"/>
      <line num="6" count="1" type="stmt"/>
      <line num="7" count="2" type="stmt"/>
      <line num="8" count="1" type="stmt"/>
      <line num="10" count="1" type="stmt"/>
      <line num="11" count="2" type="stmt"/>
      <line num="12" count="2" type="stmt"/>
      <line num="14" count="1" type="stmt"/>
    </file>
    <file name="update.module.js" path="C:\Users\HP\OneDrive\Desktop\Microverse\Module 2\Week 3\list-structure\src\modules\update.module.js">
      <metrics statements="5" coveredstatements="5" conditionals="0" coveredconditionals="0" methods="2" coveredmethods="2"/>
      <line num="5" count="1" type="stmt"/>
      <line num="6" count="1" type="stmt"/>
      <line num="7" count="1" type="stmt"/>
      <line num="8" count="1" type="stmt"/>
      <line num="9" count="1" type="stmt"/>
    </file>
  </project>
</coverage>
