TN:
SF:src/modules/add.module.js
FN:5,addListItem
FNF:1
FNH:1
FNDA:7,addListItem
DA:6,7
DA:7,7
DA:8,7
DA:13,7
DA:14,7
LF:5
LH:5
BRF:0
BRH:0
end_of_record
TN:
SF:src/modules/remove.module.js
FN:4,removeItems
FN:6,(anonymous_1)
FN:7,(anonymous_2)
FN:10,(anonymous_3)
FNF:4
FNH:4
FNDA:1,removeItems
FNDA:1,(anonymous_1)
FNDA:2,(anonymous_2)
FNDA:2,(anonymous_3)
DA:5,1
DA:6,1
DA:7,2
DA:8,1
DA:10,1
DA:11,2
DA:12,2
DA:14,1
LF:8
LH:8
BRF:0
BRH:0
end_of_record
TN:
SF:src/modules/update.module.js
FN:4,update
FN:6,(anonymous_1)
FN:12,completed
FN:14,(anonymous_3)
FNF:4
FNH:2
FNDA:1,update
FNDA:1,(anonymous_1)
FNDA:0,completed
FNDA:0,(anonymous_3)
DA:5,1
DA:6,1
DA:7,1
DA:8,1
DA:9,1
DA:13,0
DA:14,0
DA:15,0
DA:16,0
DA:17,0
LF:10
LH:5
BRF:0
BRH:0
end_of_record
